============================= test session starts ==============================
platform darwin -- Python 3.13.13, pytest-8.4.2, pluggy-1.6.0
rootdir: /Users/xiamingxing/Workspace/projects/kairon/packages/ontoderive
configfile: pyproject.toml
plugins: cov-7.1.0, asyncio-0.26.0, anyio-4.13.0
asyncio: mode=Mode.STRICT, asyncio_default_fixture_loop_scope=None, asyncio_default_test_loop_scope=function
collected 759 items

packages/ontoderive/tests/benchmarks/test_benchmark.py ...               [  0%]
packages/ontoderive/tests/test_analytics.py ............................ [  4%]
........................................................................ [ 13%]
.................................................................        [ 22%]
packages/ontoderive/tests/test_analytics_patterns.py ................... [ 24%]
....................................................                     [ 31%]
packages/ontoderive/tests/test_bayesian.py .....                         [ 32%]
packages/ontoderive/tests/test_check.py .....                            [ 32%]
packages/ontoderive/tests/test_check_theory.py ...........               [ 34%]
packages/ontoderive/tests/test_cli.py ......                             [ 35%]
packages/ontoderive/tests/test_config.py .......                         [ 35%]
packages/ontoderive/tests/test_controller.py .....                       [ 36%]
packages/ontoderive/tests/test_derive.py ........                        [ 37%]
packages/ontoderive/tests/test_e2e.py .....                              [ 38%]
packages/ontoderive/tests/test_export.py ...                             [ 38%]
packages/ontoderive/tests/test_extractor.py .....                        [ 39%]
packages/ontoderive/tests/test_formalize.py ............                 [ 40%]
packages/ontoderive/tests/test_foundation_semantic.py .............      [ 42%]
packages/ontoderive/tests/test_frontmatter.py ........                   [ 43%]
packages/ontoderive/tests/test_got.py ........                           [ 44%]
packages/ontoderive/tests/test_insight.py .............................. [ 48%]
...........................                                              [ 52%]
packages/ontoderive/tests/test_integration.py .                          [ 52%]
packages/ontoderive/tests/test_judge.py .........                        [ 53%]
packages/ontoderive/tests/test_llm.py ............................       [ 57%]
packages/ontoderive/tests/test_logic.py .......                          [ 58%]
packages/ontoderive/tests/test_mcp_server.py .........                   [ 59%]
packages/ontoderive/tests/test_metrics.py ....                           [ 59%]
packages/ontoderive/tests/test_models.py ...............                 [ 61%]
packages/ontoderive/tests/test_ner.py .........                          [ 63%]
packages/ontoderive/tests/test_ontolang.py ............................. [ 66%]
..                                                                       [ 67%]
packages/ontoderive/tests/test_ontolang_codegen.py ....                  [ 67%]
packages/ontoderive/tests/test_ontolang_parser.py ...................... [ 70%]
............................................                             [ 76%]
packages/ontoderive/tests/test_ontology_map.py ..............            [ 78%]
packages/ontoderive/tests/test_pipeline.py ........                      [ 79%]
packages/ontoderive/tests/test_pipeline_v4.py ...                        [ 79%]
packages/ontoderive/tests/test_prompts.py ..................             [ 82%]
packages/ontoderive/tests/test_protocols.py .............                [ 83%]
packages/ontoderive/tests/test_react.py .............                    [ 85%]
packages/ontoderive/tests/test_reasoner.py ............                  [ 87%]
packages/ontoderive/tests/test_reasoner_formal.py ...                    [ 87%]
packages/ontoderive/tests/test_redteam_integration.py ....               [ 88%]
packages/ontoderive/tests/test_rule_loader.py ...........                [ 89%]
packages/ontoderive/tests/test_semantic.py .............                 [ 91%]
packages/ontoderive/tests/test_snapshot.py ......                        [ 91%]
packages/ontoderive/tests/test_toolforge.py ..........                   [ 93%]
packages/ontoderive/tests/test_toolforge_mcp.py ....                     [ 93%]
packages/ontoderive/tests/test_turing_k.py .......                       [ 94%]
packages/ontoderive/tests/test_typesystem.py ...........                 [ 96%]
packages/ontoderive/tests/test_unified_reasoner.py ..........            [ 97%]
packages/ontoderive/tests/test_utils.py ..............                   [ 99%]
packages/ontoderive/tests/test_watcher.py .....                          [100%]

=============================== warnings summary ===============================
packages/ontoderive/tests/benchmarks/test_benchmark.py:21
  /Users/xiamingxing/Workspace/projects/kairon/packages/ontoderive/tests/benchmarks/test_benchmark.py:21: PytestUnknownMarkWarning: Unknown pytest.mark.benchmark - is this a typo?  You can register custom marks to avoid this warning - for details, see https://docs.pytest.org/en/stable/how-to/mark.html
    pytest.mark.benchmark,

-- Docs: https://docs.pytest.org/en/stable/how-to/capture-warnings.html
======================== 759 passed, 1 warning in 4.58s ========================
